Using pre-set license
Built from '6000.0/staging' branch; Version is '6000.0.36f1 (9fe3b5f71dbb) revision 10478517'; Using compiler version '193933523'; Build Type 'Release'
OS: 'Windows 11  (10.0.26100) 64bit Professional' Language: 'es' Physical Memory: 15739 MB
BatchMode: 1, IsHumanControllingUs: 0, StartBugReporterOnCrash: 0, Is64bit: 1, IsPro: 1

COMMAND LINE ARGUMENTS:
C:\Program Files\Unity\Hub\Editor\6000.0.36f1\Editor\Unity.exe
-adb2
-batchMode
-noUpm
-name
AssetImportWorker5
-projectPath
C:/Users/Usuaria/Downloads/Dardranight Tech
-logFile
Logs/AssetImportWorker5.log
-srvPort
55747
-job-worker-count
5
-background-job-worker-count
8
-gc-helper-count
1
Successfully changed project path to: C:/Users/Usuaria/Downloads/Dardranight Tech
C:/Users/Usuaria/Downloads/Dardranight Tech
[UnityMemory] Configuration Parameters - Can be set up in boot.config
    "memorysetup-bucket-allocator-granularity=16"
    "memorysetup-bucket-allocator-bucket-count=8"
    "memorysetup-bucket-allocator-block-size=33554432"
    "memorysetup-bucket-allocator-block-count=8"
    "memorysetup-main-allocator-block-size=16777216"
    "memorysetup-thread-allocator-block-size=16777216"
    "memorysetup-gfx-main-allocator-block-size=16777216"
    "memorysetup-gfx-thread-allocator-block-size=16777216"
    "memorysetup-cache-allocator-block-size=4194304"
    "memorysetup-typetree-allocator-block-size=2097152"
    "memorysetup-profiler-bucket-allocator-granularity=16"
    "memorysetup-profiler-bucket-allocator-bucket-count=8"
    "memorysetup-profiler-bucket-allocator-block-size=33554432"
    "memorysetup-profiler-bucket-allocator-block-count=8"
    "memorysetup-profiler-allocator-block-size=16777216"
    "memorysetup-profiler-editor-allocator-block-size=1048576"
    "memorysetup-temp-allocator-size-main=16777216"
    "memorysetup-job-temp-allocator-block-size=2097152"
    "memorysetup-job-temp-allocator-block-size-background=1048576"
    "memorysetup-job-temp-allocator-reduction-small-platforms=262144"
    "memorysetup-allocator-temp-initial-block-size-main=262144"
    "memorysetup-allocator-temp-initial-block-size-worker=262144"
    "memorysetup-temp-allocator-size-background-worker=32768"
    "memorysetup-temp-allocator-size-job-worker=262144"
    "memorysetup-temp-allocator-size-preload-manager=33554432"
    "memorysetup-temp-allocator-size-nav-mesh-worker=65536"
    "memorysetup-temp-allocator-size-audio-worker=65536"
    "memorysetup-temp-allocator-size-cloud-worker=32768"
    "memorysetup-temp-allocator-size-gi-baking-worker=262144"
    "memorysetup-temp-allocator-size-gi-baking-worker=262144"
    "memorysetup-temp-allocator-size-gi-baking-worker=262144"
    "memorysetup-temp-allocator-size-gi-baking-worker=262144"
    "memorysetup-temp-allocator-size-gi-baking-worker=262144"
    "memorysetup-temp-allocator-size-gfx=262144"
Player connection [44564]  Target information:

Player connection [44564]  * "[IP] 192.168.0.9 [Port] 0 [Flags] 2 [Guid] 3718439491 [EditorId] 3718439491 [Version] 1048832 [Id] WindowsEditor(7,DESKTOP-DLP7GSD) [Debug] 1 [PackageName] WindowsEditor [ProjectName] Editor" 

Player connection [44564] Host joined multi-casting on [225.0.0.222:54997]...
Player connection [44564] Host joined alternative multi-casting on [225.0.0.222:34997]...
JobSystem: Creating JobQueue using job-worker-count value 5
Input System module state changed to: Initialized.
[Physics::Module] Initialized fallback backend.
[Physics::Module] Id: 0xdecafbad
Library Redirect Path: Library/
[Physics::Module] Selected backend.
[Physics::Module] Name: PhysX
[Physics::Module] Id: 0xf2b8ea05
[Physics::Module] SDK Version: 4.1.2
[Physics::Module] Integration Version: 1.0.0
[Physics::Module] Threading Mode: Multi-Threaded
Refreshing native plugins compatible for Editor in 6.67 ms, found 3 plugins.
Preloading 0 native plugins for Editor in 0.00 ms.
Initialize engine version: 6000.0.36f1 (9fe3b5f71dbb)
[Subsystems] Discovering subsystems at path C:/Program Files/Unity/Hub/Editor/6000.0.36f1/Editor/Data/Resources/UnitySubsystems
[Subsystems] Discovering subsystems at path C:/Users/Usuaria/Downloads/Dardranight Tech/Assets
GfxDevice: creating device client; kGfxThreadingModeNonThreaded
Direct3D:
    Version:  Direct3D 11.0 [level 11.1]
    Renderer: AMD Radeon(TM) Graphics (ID=0x1636)
    Vendor:   ATI
    VRAM:     7869 MB
    Driver:   31.0.12002.92
Initialize mono
Mono path[0] = 'C:/Program Files/Unity/Hub/Editor/6000.0.36f1/Editor/Data/Managed'
Mono path[1] = 'C:/Program Files/Unity/Hub/Editor/6000.0.36f1/Editor/Data/MonoBleedingEdge/lib/mono/unityjit-win32'
Mono config path = 'C:/Program Files/Unity/Hub/Editor/6000.0.36f1/Editor/Data/MonoBleedingEdge/etc'
Using monoOptions --debugger-agent=transport=dt_socket,embedding=1,server=y,suspend=n,address=127.0.0.1:56528
Begin MonoManager ReloadAssembly
Registering precompiled unity dll's ...
Register platform support module: C:/Program Files/Unity/Hub/Editor/6000.0.36f1/Editor/Data/PlaybackEngines/WebGLSupport/UnityEditor.WebGL.Extensions.dll
Register platform support module: C:/Program Files/Unity/Hub/Editor/6000.0.36f1/Editor/Data/PlaybackEngines/WindowsStandaloneSupport/UnityEditor.WindowsStandalone.Extensions.dll
Register platform support module: C:/Program Files/Unity/Hub/Editor/6000.0.36f1/Editor/Data/PlaybackEngines/MetroSupport/UnityEditor.UWP.Extensions.dll
Registered in 0.005631 seconds.
Unloading broken assembly C:/Program Files/Unity/Hub/Editor/6000.0.36f1/Editor/Data/PlaybackEngines/WebGLSupport/UnityEditor.WebGL.Extensions.dll, this assembly can cause crashes in the runtime
Unloading broken assembly C:/Program Files/Unity/Hub/Editor/6000.0.36f1/Editor/Data/PlaybackEngines/MetroSupport/UnityEditor.UWP.Extensions.dll, this assembly can cause crashes in the runtime
- Loaded All Assemblies, in  0.435 seconds
Could not load signature of UnityEditor.WebGL.TargetExtension:CreateUserAssembliesValidatorExtension due to: Could not resolve type with token 0100002d from typeref (expected class 'UnityEditor.Modules.IUserAssembliesValidator' in assembly 'UnityEditor, Version=0.0.0.0, Culture=neutral, PublicKeyToken=null') assembly:UnityEditor, Version=0.0.0.0, Culture=neutral, PublicKeyToken=null type:UnityEditor.Modules.IUserAssembliesValidator member:(null)
Could not add platformSupportModule UnityEditor.WebGL.TargetExtension, try rebuilding the module: VTable setup of type UnityEditor.WebGL.TargetExtension failed
UnityEngine.Debug:ExtractStackTraceNoAlloc (byte*,int,string)
UnityEngine.StackTraceUtility:ExtractStackTrace ()
UnityEngine.DebugLogHandler:Internal_Log (UnityEngine.LogType,UnityEngine.LogOption,string,UnityEngine.Object)
UnityEngine.DebugLogHandler:LogFormat (UnityEngine.LogType,UnityEngine.Object,string,object[])
UnityEngine.Logger:Log (UnityEngine.LogType,object)
UnityEngine.Debug:LogError (object)
UnityEditor.Modules.ModuleManager:RegisterPlatformSupportModules ()
UnityEditor.Modules.ModuleManager:get_platformSupportModules ()
UnityEditor.Modules.ModuleManager:InitializePlatformSupportModules ()

Native extension for WindowsStandalone target not found
Mono: successfully reloaded assembly
- Finished resetting the current domain, in  0.361 seconds
Domain Reload Profiling: 793ms
	BeginReloadAssembly (149ms)
		ExecutionOrderSort (0ms)
		DisableScriptedObjects (0ms)
		BackupInstance (0ms)
		ReleaseScriptingObjects (0ms)
		CreateAndSetChildDomain (1ms)
	RebuildCommonClasses (41ms)
	RebuildNativeTypeToScriptingClass (13ms)
	initialDomainReloadingComplete (55ms)
	LoadAllAssembliesAndSetupDomain (173ms)
		LoadAssemblies (147ms)
		RebuildTransferFunctionScriptingTraits (0ms)
		AnalyzeDomain (169ms)
			TypeCache.Refresh (167ms)
				TypeCache.ScanAssembly (154ms)
			BuildScriptInfoCaches (0ms)
			ResolveRequiredComponents (1ms)
	FinalizeReload (361ms)
		ReleaseScriptCaches (0ms)
		RebuildScriptCaches (0ms)
		SetupLoadedEditorAssemblies (313ms)
			LogAssemblyErrors (0ms)
			InitializePlatformSupportModulesInManaged (34ms)
			SetLoadedEditorAssemblies (5ms)
			BeforeProcessingInitializeOnLoad (54ms)
			ProcessInitializeOnLoadAttributes (159ms)
			ProcessInitializeOnLoadMethodAttributes (60ms)
			AfterProcessingInitializeOnLoad (0ms)
			EditorAssembliesLoaded (0ms)
		ExecutionOrderSort2 (0ms)
		AwakeInstancesAfterBackupRestoration (0ms)
========================================================================
Worker process is ready to serve import requests
Import Worker Mode flag is 0x00
Begin MonoManager ReloadAssembly
- Loaded All Assemblies, in  0.826 seconds
Could not load signature of UnityEditor.WebGL.TargetExtension:CreateUserAssembliesValidatorExtension due to: Could not resolve type with token 0100002d from typeref (expected class 'UnityEditor.Modules.IUserAssembliesValidator' in assembly 'UnityEditor, Version=0.0.0.0, Culture=neutral, PublicKeyToken=null') assembly:UnityEditor, Version=0.0.0.0, Culture=neutral, PublicKeyToken=null type:UnityEditor.Modules.IUserAssembliesValidator member:(null)
Could not add platformSupportModule UnityEditor.WebGL.TargetExtension, try rebuilding the module: VTable setup of type UnityEditor.WebGL.TargetExtension failed
UnityEngine.Debug:ExtractStackTraceNoAlloc (byte*,int,string)
UnityEngine.StackTraceUtility:ExtractStackTrace ()
UnityEngine.DebugLogHandler:Internal_Log (UnityEngine.LogType,UnityEngine.LogOption,string,UnityEngine.Object)
UnityEngine.DebugLogHandler:LogFormat (UnityEngine.LogType,UnityEngine.Object,string,object[])
UnityEngine.Logger:Log (UnityEngine.LogType,object)
UnityEngine.Debug:LogError (object)
UnityEditor.Modules.ModuleManager:RegisterPlatformSupportModules ()
UnityEditor.Modules.ModuleManager:get_platformSupportModules ()
UnityEditor.Modules.ModuleManager:FindPlatformSupportModule (string)
UnityEditor.Scripting.ScriptCompilation.CustomScriptAssembly:.cctor ()
UnityEditor.Scripting.ScriptCompilation.LoadingAssemblyDefinition:LoadCustomScriptAssemblyFromJson (string,string,string)
UnityEditor.Scripting.ScriptCompilation.LoadingAssemblyDefinition:SetAllCustomScriptAssemblyJsonContents (string[],string[],string[])
UnityEditor.Scripting.ScriptCompilation.EditorCompilation:SetAllCustomScriptAssemblyJsonContents (string[],string[],string[])
UnityEditor.Scripting.ScriptCompilation.EditorCompilationInterface:SetAllCustomScriptAssemblyJsonContents (string[],string[],string[])

Refreshing native plugins compatible for Editor in 1.25 ms, found 3 plugins.
Native extension for WindowsStandalone target not found
Mono: successfully reloaded assembly
- Finished resetting the current domain, in  0.848 seconds
Domain Reload Profiling: 1670ms
	BeginReloadAssembly (186ms)
		ExecutionOrderSort (0ms)
		DisableScriptedObjects (6ms)
		BackupInstance (0ms)
		ReleaseScriptingObjects (0ms)
		CreateAndSetChildDomain (32ms)
	RebuildCommonClasses (39ms)
	RebuildNativeTypeToScriptingClass (13ms)
	initialDomainReloadingComplete (42ms)
	LoadAllAssembliesAndSetupDomain (542ms)
		LoadAssemblies (400ms)
		RebuildTransferFunctionScriptingTraits (0ms)
		AnalyzeDomain (257ms)
			TypeCache.Refresh (191ms)
				TypeCache.ScanAssembly (173ms)
			BuildScriptInfoCaches (52ms)
			ResolveRequiredComponents (11ms)
	FinalizeReload (848ms)
		ReleaseScriptCaches (0ms)
		RebuildScriptCaches (0ms)
		SetupLoadedEditorAssemblies (618ms)
			LogAssemblyErrors (0ms)
			InitializePlatformSupportModulesInManaged (3ms)
			SetLoadedEditorAssemblies (5ms)
			BeforeProcessingInitializeOnLoad (116ms)
			ProcessInitializeOnLoadAttributes (388ms)
			ProcessInitializeOnLoadMethodAttributes (100ms)
			AfterProcessingInitializeOnLoad (6ms)
			EditorAssembliesLoaded (0ms)
		ExecutionOrderSort2 (0ms)
		AwakeInstancesAfterBackupRestoration (7ms)
Launched and connected shader compiler UnityShaderCompiler.exe after 0.05 seconds
Refreshing native plugins compatible for Editor in 1.48 ms, found 3 plugins.
Preloading 0 native plugins for Editor in 0.00 ms.
Unloading 212 Unused Serialized files (Serialized files now loaded: 0)
Unloading 5991 unused Assets / (4.2 MB). Loaded Objects now: 6693.
Memory consumption went from 162.0 MB to 157.8 MB.
Total: 10.251600 ms (FindLiveObjects: 0.893000 ms CreateObjectMapping: 0.902600 ms MarkObjects: 5.812100 ms  DeleteObjects: 2.642200 ms)

========================================================================
Received Prepare
Begin MonoManager ReloadAssembly
- Loaded All Assemblies, in  0.908 seconds
Could not load signature of UnityEditor.WebGL.TargetExtension:CreateUserAssembliesValidatorExtension due to: Could not resolve type with token 0100002d from typeref (expected class 'UnityEditor.Modules.IUserAssembliesValidator' in assembly 'UnityEditor, Version=0.0.0.0, Culture=neutral, PublicKeyToken=null') assembly:UnityEditor, Version=0.0.0.0, Culture=neutral, PublicKeyToken=null type:UnityEditor.Modules.IUserAssembliesValidator member:(null)
Could not add platformSupportModule UnityEditor.WebGL.TargetExtension, try rebuilding the module: VTable setup of type UnityEditor.WebGL.TargetExtension failed
UnityEngine.Debug:ExtractStackTraceNoAlloc (byte*,int,string)
UnityEngine.StackTraceUtility:ExtractStackTrace ()
UnityEngine.DebugLogHandler:Internal_Log (UnityEngine.LogType,UnityEngine.LogOption,string,UnityEngine.Object)
UnityEngine.DebugLogHandler:LogFormat (UnityEngine.LogType,UnityEngine.Object,string,object[])
UnityEngine.Logger:Log (UnityEngine.LogType,object)
UnityEngine.Debug:LogError (object)
UnityEditor.Modules.ModuleManager:RegisterPlatformSupportModules ()
UnityEditor.Modules.ModuleManager:get_platformSupportModules ()
UnityEditor.Modules.ModuleManager:FindPlatformSupportModule (string)
UnityEditor.Scripting.ScriptCompilation.CustomScriptAssembly:.cctor ()
UnityEditor.Scripting.ScriptCompilation.LoadingAssemblyDefinition:LoadCustomScriptAssemblyFromJson (string,string,string)
UnityEditor.Scripting.ScriptCompilation.LoadingAssemblyDefinition:SetAllCustomScriptAssemblyJsonContents (string[],string[],string[])
UnityEditor.Scripting.ScriptCompilation.EditorCompilation:SetAllCustomScriptAssemblyJsonContents (string[],string[],string[])
UnityEditor.Scripting.ScriptCompilation.EditorCompilationInterface:SetAllCustomScriptAssemblyJsonContents (string[],string[],string[])

Refreshing native plugins compatible for Editor in 1.52 ms, found 3 plugins.
Native extension for WindowsStandalone target not found
Mono: successfully reloaded assembly
- Finished resetting the current domain, in  0.807 seconds
Domain Reload Profiling: 1714ms
	BeginReloadAssembly (226ms)
		ExecutionOrderSort (0ms)
		DisableScriptedObjects (6ms)
		BackupInstance (0ms)
		ReleaseScriptingObjects (0ms)
		CreateAndSetChildDomain (57ms)
	RebuildCommonClasses (41ms)
	RebuildNativeTypeToScriptingClass (15ms)
	initialDomainReloadingComplete (36ms)
	LoadAllAssembliesAndSetupDomain (589ms)
		LoadAssemblies (472ms)
		RebuildTransferFunctionScriptingTraits (0ms)
		AnalyzeDomain (234ms)
			TypeCache.Refresh (9ms)
				TypeCache.ScanAssembly (0ms)
			BuildScriptInfoCaches (208ms)
			ResolveRequiredComponents (13ms)
	FinalizeReload (807ms)
		ReleaseScriptCaches (0ms)
		RebuildScriptCaches (0ms)
		SetupLoadedEditorAssemblies (571ms)
			LogAssemblyErrors (0ms)
			InitializePlatformSupportModulesInManaged (3ms)
			SetLoadedEditorAssemblies (6ms)
			BeforeProcessingInitializeOnLoad (119ms)
			ProcessInitializeOnLoadAttributes (368ms)
			ProcessInitializeOnLoadMethodAttributes (68ms)
			AfterProcessingInitializeOnLoad (7ms)
			EditorAssembliesLoaded (0ms)
		ExecutionOrderSort2 (0ms)
		AwakeInstancesAfterBackupRestoration (14ms)
Refreshing native plugins compatible for Editor in 1.54 ms, found 3 plugins.
Preloading 0 native plugins for Editor in 0.00 ms.
Unloading 23 Unused Serialized files (Serialized files now loaded: 0)
Unloading 5987 unused Assets / (4.5 MB). Loaded Objects now: 6708.
Memory consumption went from 142.2 MB to 137.8 MB.
Total: 15.685600 ms (FindLiveObjects: 1.196000 ms CreateObjectMapping: 2.885900 ms MarkObjects: 6.822300 ms  DeleteObjects: 4.778900 ms)

Prepare: number of updated asset objects reloaded= 0
========================================================================
Received Import Request.
  Time since last request: 31664.770149 seconds.
  path: Assets/Prefabs/EnemyMedium.prefab
  artifactKey: Guid(d8e70e9ec8f1087448d0b494fb504bfc) Importer(815301076,1909f56bfc062723c751e8b465ee728b)
Start importing Assets/Prefabs/EnemyMedium.prefab using Guid(d8e70e9ec8f1087448d0b494fb504bfc) Importer(815301076,1909f56bfc062723c751e8b465ee728b) (PreviewImporter) -> (artifact id: 'd34289d48bbccd142a4eb1220240a64f') in 0.5796956 seconds
Number of updated asset objects reloaded before import = 0Number of asset objects unloaded after import = 32

========================================================================
Received Prepare
Begin MonoManager ReloadAssembly
- Loaded All Assemblies, in  0.917 seconds
Could not load signature of UnityEditor.WebGL.TargetExtension:CreateUserAssembliesValidatorExtension due to: Could not resolve type with token 0100002d from typeref (expected class 'UnityEditor.Modules.IUserAssembliesValidator' in assembly 'UnityEditor, Version=0.0.0.0, Culture=neutral, PublicKeyToken=null') assembly:UnityEditor, Version=0.0.0.0, Culture=neutral, PublicKeyToken=null type:UnityEditor.Modules.IUserAssembliesValidator member:(null)
Could not add platformSupportModule UnityEditor.WebGL.TargetExtension, try rebuilding the module: VTable setup of type UnityEditor.WebGL.TargetExtension failed
UnityEngine.Debug:ExtractStackTraceNoAlloc (byte*,int,string)
UnityEngine.StackTraceUtility:ExtractStackTrace ()
UnityEngine.DebugLogHandler:Internal_Log (UnityEngine.LogType,UnityEngine.LogOption,string,UnityEngine.Object)
UnityEngine.DebugLogHandler:LogFormat (UnityEngine.LogType,UnityEngine.Object,string,object[])
UnityEngine.Logger:Log (UnityEngine.LogType,object)
UnityEngine.Debug:LogError (object)
UnityEditor.Modules.ModuleManager:RegisterPlatformSupportModules ()
UnityEditor.Modules.ModuleManager:get_platformSupportModules ()
UnityEditor.Modules.ModuleManager:FindPlatformSupportModule (string)
UnityEditor.Scripting.ScriptCompilation.CustomScriptAssembly:.cctor ()
UnityEditor.Scripting.ScriptCompilation.LoadingAssemblyDefinition:LoadCustomScriptAssemblyFromJson (string,string,string)
UnityEditor.Scripting.ScriptCompilation.LoadingAssemblyDefinition:SetAllCustomScriptAssemblyJsonContents (string[],string[],string[])
UnityEditor.Scripting.ScriptCompilation.EditorCompilation:SetAllCustomScriptAssemblyJsonContents (string[],string[],string[])
UnityEditor.Scripting.ScriptCompilation.EditorCompilationInterface:SetAllCustomScriptAssemblyJsonContents (string[],string[],string[])

Refreshing native plugins compatible for Editor in 1.26 ms, found 3 plugins.
Native extension for WindowsStandalone target not found
Mono: successfully reloaded assembly
- Finished resetting the current domain, in  0.806 seconds
Domain Reload Profiling: 1720ms
	BeginReloadAssembly (270ms)
		ExecutionOrderSort (0ms)
		DisableScriptedObjects (25ms)
		BackupInstance (0ms)
		ReleaseScriptingObjects (0ms)
		CreateAndSetChildDomain (71ms)
	RebuildCommonClasses (40ms)
	RebuildNativeTypeToScriptingClass (14ms)
	initialDomainReloadingComplete (36ms)
	LoadAllAssembliesAndSetupDomain (554ms)
		LoadAssemblies (470ms)
		RebuildTransferFunctionScriptingTraits (0ms)
		AnalyzeDomain (204ms)
			TypeCache.Refresh (9ms)
				TypeCache.ScanAssembly (0ms)
			BuildScriptInfoCaches (179ms)
			ResolveRequiredComponents (12ms)
	FinalizeReload (806ms)
		ReleaseScriptCaches (0ms)
		RebuildScriptCaches (0ms)
		SetupLoadedEditorAssemblies (595ms)
			LogAssemblyErrors (0ms)
			InitializePlatformSupportModulesInManaged (3ms)
			SetLoadedEditorAssemblies (6ms)
			BeforeProcessingInitializeOnLoad (120ms)
			ProcessInitializeOnLoadAttributes (402ms)
			ProcessInitializeOnLoadMethodAttributes (57ms)
			AfterProcessingInitializeOnLoad (6ms)
			EditorAssembliesLoaded (0ms)
		ExecutionOrderSort2 (0ms)
		AwakeInstancesAfterBackupRestoration (16ms)
Refreshing native plugins compatible for Editor in 1.28 ms, found 3 plugins.
Preloading 0 native plugins for Editor in 0.00 ms.
Unloading 13 Unused Serialized files (Serialized files now loaded: 0)
Unloading 5987 unused Assets / (4.2 MB). Loaded Objects now: 6743.
Memory consumption went from 150.3 MB to 146.0 MB.
Total: 8.927300 ms (FindLiveObjects: 0.871400 ms CreateObjectMapping: 0.507100 ms MarkObjects: 4.914200 ms  DeleteObjects: 2.633000 ms)

Prepare: number of updated asset objects reloaded= 0
========================================================================
Received Prepare
Refreshing native plugins compatible for Editor in 1.65 ms, found 3 plugins.
Preloading 0 native plugins for Editor in 0.00 ms.
Unloading 13 Unused Serialized files (Serialized files now loaded: 0)
Unloading 5980 unused Assets / (4.1 MB). Loaded Objects now: 6743.
Memory consumption went from 150.3 MB to 146.2 MB.
Total: 9.059800 ms (FindLiveObjects: 0.851300 ms CreateObjectMapping: 0.462100 ms MarkObjects: 5.003400 ms  DeleteObjects: 2.741400 ms)

Prepare: number of updated asset objects reloaded= 0
========================================================================
Received Import Request.
  Time since last request: 232.633480 seconds.
  path: Assets/Prefabs/EnemySmall.prefab
  artifactKey: Guid(edcd2fcd187294b43acced17ec38790d) Importer(815301076,1909f56bfc062723c751e8b465ee728b)
Start importing Assets/Prefabs/EnemySmall.prefab using Guid(edcd2fcd187294b43acced17ec38790d) Importer(815301076,1909f56bfc062723c751e8b465ee728b) (PreviewImporter) -> (artifact id: '11d01abdd1d963bc527a173d00591711') in 0.5040612 seconds
Number of updated asset objects reloaded before import = 0Number of asset objects unloaded after import = 32

========================================================================
Received Import Request.
  Time since last request: 0.000034 seconds.
  path: Assets/Prefabs/EnemyMedium.prefab
  artifactKey: Guid(d8e70e9ec8f1087448d0b494fb504bfc) Importer(815301076,1909f56bfc062723c751e8b465ee728b)
Start importing Assets/Prefabs/EnemyMedium.prefab using Guid(d8e70e9ec8f1087448d0b494fb504bfc) Importer(815301076,1909f56bfc062723c751e8b465ee728b) (PreviewImporter) -> (artifact id: '9ed1e0848c2d729c7a79d447dd182800') in 0.0134859 seconds
Number of updated asset objects reloaded before import = 0Number of asset objects unloaded after import = 32

========================================================================
Received Prepare
Begin MonoManager ReloadAssembly
- Loaded All Assemblies, in  0.896 seconds
Could not load signature of UnityEditor.WebGL.TargetExtension:CreateUserAssembliesValidatorExtension due to: Could not resolve type with token 0100002d from typeref (expected class 'UnityEditor.Modules.IUserAssembliesValidator' in assembly 'UnityEditor, Version=0.0.0.0, Culture=neutral, PublicKeyToken=null') assembly:UnityEditor, Version=0.0.0.0, Culture=neutral, PublicKeyToken=null type:UnityEditor.Modules.IUserAssembliesValidator member:(null)
Could not add platformSupportModule UnityEditor.WebGL.TargetExtension, try rebuilding the module: VTable setup of type UnityEditor.WebGL.TargetExtension failed
UnityEngine.Debug:ExtractStackTraceNoAlloc (byte*,int,string)
UnityEngine.StackTraceUtility:ExtractStackTrace ()
UnityEngine.DebugLogHandler:Internal_Log (UnityEngine.LogType,UnityEngine.LogOption,string,UnityEngine.Object)
UnityEngine.DebugLogHandler:LogFormat (UnityEngine.LogType,UnityEngine.Object,string,object[])
UnityEngine.Logger:Log (UnityEngine.LogType,object)
UnityEngine.Debug:LogError (object)
UnityEditor.Modules.ModuleManager:RegisterPlatformSupportModules ()
UnityEditor.Modules.ModuleManager:get_platformSupportModules ()
UnityEditor.Modules.ModuleManager:FindPlatformSupportModule (string)
UnityEditor.Scripting.ScriptCompilation.CustomScriptAssembly:.cctor ()
UnityEditor.Scripting.ScriptCompilation.LoadingAssemblyDefinition:LoadCustomScriptAssemblyFromJson (string,string,string)
UnityEditor.Scripting.ScriptCompilation.LoadingAssemblyDefinition:SetAllCustomScriptAssemblyJsonContents (string[],string[],string[])
UnityEditor.Scripting.ScriptCompilation.EditorCompilation:SetAllCustomScriptAssemblyJsonContents (string[],string[],string[])
UnityEditor.Scripting.ScriptCompilation.EditorCompilationInterface:SetAllCustomScriptAssemblyJsonContents (string[],string[],string[])

Refreshing native plugins compatible for Editor in 1.43 ms, found 3 plugins.
Native extension for WindowsStandalone target not found
Mono: successfully reloaded assembly
- Finished resetting the current domain, in  0.828 seconds
Domain Reload Profiling: 1723ms
	BeginReloadAssembly (247ms)
		ExecutionOrderSort (0ms)
		DisableScriptedObjects (20ms)
		BackupInstance (0ms)
		ReleaseScriptingObjects (0ms)
		CreateAndSetChildDomain (71ms)
	RebuildCommonClasses (40ms)
	RebuildNativeTypeToScriptingClass (14ms)
	initialDomainReloadingComplete (33ms)
	LoadAllAssembliesAndSetupDomain (561ms)
		LoadAssemblies (466ms)
		RebuildTransferFunctionScriptingTraits (0ms)
		AnalyzeDomain (207ms)
			TypeCache.Refresh (12ms)
				TypeCache.ScanAssembly (0ms)
			BuildScriptInfoCaches (177ms)
			ResolveRequiredComponents (12ms)
	FinalizeReload (829ms)
		ReleaseScriptCaches (0ms)
		RebuildScriptCaches (0ms)
		SetupLoadedEditorAssemblies (600ms)
			LogAssemblyErrors (0ms)
			InitializePlatformSupportModulesInManaged (3ms)
			SetLoadedEditorAssemblies (6ms)
			BeforeProcessingInitializeOnLoad (136ms)
			ProcessInitializeOnLoadAttributes (390ms)
			ProcessInitializeOnLoadMethodAttributes (59ms)
			AfterProcessingInitializeOnLoad (6ms)
			EditorAssembliesLoaded (0ms)
		ExecutionOrderSort2 (0ms)
		AwakeInstancesAfterBackupRestoration (18ms)
Refreshing native plugins compatible for Editor in 1.54 ms, found 3 plugins.
Preloading 0 native plugins for Editor in 0.00 ms.
Unloading 13 Unused Serialized files (Serialized files now loaded: 0)
Unloading 5987 unused Assets / (4.6 MB). Loaded Objects now: 6765.
Memory consumption went from 154.4 MB to 149.8 MB.
Total: 12.430400 ms (FindLiveObjects: 1.228800 ms CreateObjectMapping: 1.121400 ms MarkObjects: 6.443300 ms  DeleteObjects: 3.634600 ms)

Prepare: number of updated asset objects reloaded= 0
========================================================================
Received Prepare
Begin MonoManager ReloadAssembly
- Loaded All Assemblies, in  0.856 seconds
Could not load signature of UnityEditor.WebGL.TargetExtension:CreateUserAssembliesValidatorExtension due to: Could not resolve type with token 0100002d from typeref (expected class 'UnityEditor.Modules.IUserAssembliesValidator' in assembly 'UnityEditor, Version=0.0.0.0, Culture=neutral, PublicKeyToken=null') assembly:UnityEditor, Version=0.0.0.0, Culture=neutral, PublicKeyToken=null type:UnityEditor.Modules.IUserAssembliesValidator member:(null)
Could not add platformSupportModule UnityEditor.WebGL.TargetExtension, try rebuilding the module: VTable setup of type UnityEditor.WebGL.TargetExtension failed
UnityEngine.Debug:ExtractStackTraceNoAlloc (byte*,int,string)
UnityEngine.StackTraceUtility:ExtractStackTrace ()
UnityEngine.DebugLogHandler:Internal_Log (UnityEngine.LogType,UnityEngine.LogOption,string,UnityEngine.Object)
UnityEngine.DebugLogHandler:LogFormat (UnityEngine.LogType,UnityEngine.Object,string,object[])
UnityEngine.Logger:Log (UnityEngine.LogType,object)
UnityEngine.Debug:LogError (object)
UnityEditor.Modules.ModuleManager:RegisterPlatformSupportModules ()
UnityEditor.Modules.ModuleManager:get_platformSupportModules ()
UnityEditor.Modules.ModuleManager:FindPlatformSupportModule (string)
UnityEditor.Scripting.ScriptCompilation.CustomScriptAssembly:.cctor ()
UnityEditor.Scripting.ScriptCompilation.LoadingAssemblyDefinition:LoadCustomScriptAssemblyFromJson (string,string,string)
UnityEditor.Scripting.ScriptCompilation.LoadingAssemblyDefinition:SetAllCustomScriptAssemblyJsonContents (string[],string[],string[])
UnityEditor.Scripting.ScriptCompilation.EditorCompilation:SetAllCustomScriptAssemblyJsonContents (string[],string[],string[])
UnityEditor.Scripting.ScriptCompilation.EditorCompilationInterface:SetAllCustomScriptAssemblyJsonContents (string[],string[],string[])

Refreshing native plugins compatible for Editor in 1.40 ms, found 3 plugins.
Native extension for WindowsStandalone target not found
Mono: successfully reloaded assembly
- Finished resetting the current domain, in  0.768 seconds
Domain Reload Profiling: 1623ms
	BeginReloadAssembly (222ms)
		ExecutionOrderSort (0ms)
		DisableScriptedObjects (6ms)
		BackupInstance (0ms)
		ReleaseScriptingObjects (0ms)
		CreateAndSetChildDomain (57ms)
	RebuildCommonClasses (39ms)
	RebuildNativeTypeToScriptingClass (15ms)
	initialDomainReloadingComplete (34ms)
	LoadAllAssembliesAndSetupDomain (544ms)
		LoadAssemblies (458ms)
		RebuildTransferFunctionScriptingTraits (0ms)
		AnalyzeDomain (198ms)
			TypeCache.Refresh (8ms)
				TypeCache.ScanAssembly (0ms)
			BuildScriptInfoCaches (173ms)
			ResolveRequiredComponents (12ms)
	FinalizeReload (768ms)
		ReleaseScriptCaches (0ms)
		RebuildScriptCaches (0ms)
		SetupLoadedEditorAssemblies (563ms)
			LogAssemblyErrors (0ms)
			InitializePlatformSupportModulesInManaged (2ms)
			SetLoadedEditorAssemblies (6ms)
			BeforeProcessingInitializeOnLoad (123ms)
			ProcessInitializeOnLoadAttributes (366ms)
			ProcessInitializeOnLoadMethodAttributes (57ms)
			AfterProcessingInitializeOnLoad (8ms)
			EditorAssembliesLoaded (0ms)
		ExecutionOrderSort2 (0ms)
		AwakeInstancesAfterBackupRestoration (15ms)
Refreshing native plugins compatible for Editor in 1.36 ms, found 3 plugins.
Preloading 0 native plugins for Editor in 0.00 ms.
Unloading 13 Unused Serialized files (Serialized files now loaded: 0)
Unloading 5987 unused Assets / (4.4 MB). Loaded Objects now: 6767.
Memory consumption went from 154.3 MB to 149.9 MB.
Total: 11.841600 ms (FindLiveObjects: 0.892000 ms CreateObjectMapping: 0.491400 ms MarkObjects: 7.176700 ms  DeleteObjects: 3.279600 ms)

Prepare: number of updated asset objects reloaded= 0
========================================================================
Received Prepare
Begin MonoManager ReloadAssembly
- Loaded All Assemblies, in  0.841 seconds
Could not load signature of UnityEditor.WebGL.TargetExtension:CreateUserAssembliesValidatorExtension due to: Could not resolve type with token 0100002d from typeref (expected class 'UnityEditor.Modules.IUserAssembliesValidator' in assembly 'UnityEditor, Version=0.0.0.0, Culture=neutral, PublicKeyToken=null') assembly:UnityEditor, Version=0.0.0.0, Culture=neutral, PublicKeyToken=null type:UnityEditor.Modules.IUserAssembliesValidator member:(null)
Could not add platformSupportModule UnityEditor.WebGL.TargetExtension, try rebuilding the module: VTable setup of type UnityEditor.WebGL.TargetExtension failed
UnityEngine.Debug:ExtractStackTraceNoAlloc (byte*,int,string)
UnityEngine.StackTraceUtility:ExtractStackTrace ()
UnityEngine.DebugLogHandler:Internal_Log (UnityEngine.LogType,UnityEngine.LogOption,string,UnityEngine.Object)
UnityEngine.DebugLogHandler:LogFormat (UnityEngine.LogType,UnityEngine.Object,string,object[])
UnityEngine.Logger:Log (UnityEngine.LogType,object)
UnityEngine.Debug:LogError (object)
UnityEditor.Modules.ModuleManager:RegisterPlatformSupportModules ()
UnityEditor.Modules.ModuleManager:get_platformSupportModules ()
UnityEditor.Modules.ModuleManager:FindPlatformSupportModule (string)
UnityEditor.Scripting.ScriptCompilation.CustomScriptAssembly:.cctor ()
UnityEditor.Scripting.ScriptCompilation.LoadingAssemblyDefinition:LoadCustomScriptAssemblyFromJson (string,string,string)
UnityEditor.Scripting.ScriptCompilation.LoadingAssemblyDefinition:SetAllCustomScriptAssemblyJsonContents (string[],string[],string[])
UnityEditor.Scripting.ScriptCompilation.EditorCompilation:SetAllCustomScriptAssemblyJsonContents (string[],string[],string[])
UnityEditor.Scripting.ScriptCompilation.EditorCompilationInterface:SetAllCustomScriptAssemblyJsonContents (string[],string[],string[])

Refreshing native plugins compatible for Editor in 1.33 ms, found 3 plugins.
Native extension for WindowsStandalone target not found
Mono: successfully reloaded assembly
- Finished resetting the current domain, in  0.777 seconds
Domain Reload Profiling: 1616ms
	BeginReloadAssembly (225ms)
		ExecutionOrderSort (0ms)
		DisableScriptedObjects (7ms)
		BackupInstance (0ms)
		ReleaseScriptingObjects (0ms)
		CreateAndSetChildDomain (57ms)
	RebuildCommonClasses (39ms)
	RebuildNativeTypeToScriptingClass (13ms)
	initialDomainReloadingComplete (34ms)
	LoadAllAssembliesAndSetupDomain (527ms)
		LoadAssemblies (444ms)
		RebuildTransferFunctionScriptingTraits (0ms)
		AnalyzeDomain (198ms)
			TypeCache.Refresh (9ms)
				TypeCache.ScanAssembly (0ms)
			BuildScriptInfoCaches (170ms)
			ResolveRequiredComponents (15ms)
	FinalizeReload (777ms)
		ReleaseScriptCaches (0ms)
		RebuildScriptCaches (0ms)
		SetupLoadedEditorAssemblies (560ms)
			LogAssemblyErrors (0ms)
			InitializePlatformSupportModulesInManaged (2ms)
			SetLoadedEditorAssemblies (6ms)
			BeforeProcessingInitializeOnLoad (118ms)
			ProcessInitializeOnLoadAttributes (363ms)
			ProcessInitializeOnLoadMethodAttributes (63ms)
			AfterProcessingInitializeOnLoad (7ms)
			EditorAssembliesLoaded (0ms)
		ExecutionOrderSort2 (0ms)
		AwakeInstancesAfterBackupRestoration (17ms)
Refreshing native plugins compatible for Editor in 1.33 ms, found 3 plugins.
Preloading 0 native plugins for Editor in 0.00 ms.
Unloading 13 Unused Serialized files (Serialized files now loaded: 0)
Unloading 5987 unused Assets / (4.4 MB). Loaded Objects now: 6769.
Memory consumption went from 154.3 MB to 149.9 MB.
Total: 12.307600 ms (FindLiveObjects: 0.985100 ms CreateObjectMapping: 1.090700 ms MarkObjects: 6.162600 ms  DeleteObjects: 4.066300 ms)

Prepare: number of updated asset objects reloaded= 0
========================================================================
Received Prepare
Refreshing native plugins compatible for Editor in 1.15 ms, found 3 plugins.
Preloading 0 native plugins for Editor in 0.00 ms.
Unloading 13 Unused Serialized files (Serialized files now loaded: 0)
Unloading 5980 unused Assets / (4.2 MB). Loaded Objects now: 6769.
Memory consumption went from 154.4 MB to 150.2 MB.
Total: 10.702300 ms (FindLiveObjects: 0.866900 ms CreateObjectMapping: 0.920600 ms MarkObjects: 6.174000 ms  DeleteObjects: 2.739000 ms)

Prepare: number of updated asset objects reloaded= 0
========================================================================
Received Prepare
Begin MonoManager ReloadAssembly
- Loaded All Assemblies, in  0.919 seconds
Could not load signature of UnityEditor.WebGL.TargetExtension:CreateUserAssembliesValidatorExtension due to: Could not resolve type with token 0100002d from typeref (expected class 'UnityEditor.Modules.IUserAssembliesValidator' in assembly 'UnityEditor, Version=0.0.0.0, Culture=neutral, PublicKeyToken=null') assembly:UnityEditor, Version=0.0.0.0, Culture=neutral, PublicKeyToken=null type:UnityEditor.Modules.IUserAssembliesValidator member:(null)
Could not add platformSupportModule UnityEditor.WebGL.TargetExtension, try rebuilding the module: VTable setup of type UnityEditor.WebGL.TargetExtension failed
UnityEngine.Debug:ExtractStackTraceNoAlloc (byte*,int,string)
UnityEngine.StackTraceUtility:ExtractStackTrace ()
UnityEngine.DebugLogHandler:Internal_Log (UnityEngine.LogType,UnityEngine.LogOption,string,UnityEngine.Object)
UnityEngine.DebugLogHandler:LogFormat (UnityEngine.LogType,UnityEngine.Object,string,object[])
UnityEngine.Logger:Log (UnityEngine.LogType,object)
UnityEngine.Debug:LogError (object)
UnityEditor.Modules.ModuleManager:RegisterPlatformSupportModules ()
UnityEditor.Modules.ModuleManager:get_platformSupportModules ()
UnityEditor.Modules.ModuleManager:FindPlatformSupportModule (string)
UnityEditor.Scripting.ScriptCompilation.CustomScriptAssembly:.cctor ()
UnityEditor.Scripting.ScriptCompilation.LoadingAssemblyDefinition:LoadCustomScriptAssemblyFromJson (string,string,string)
UnityEditor.Scripting.ScriptCompilation.LoadingAssemblyDefinition:SetAllCustomScriptAssemblyJsonContents (string[],string[],string[])
UnityEditor.Scripting.ScriptCompilation.EditorCompilation:SetAllCustomScriptAssemblyJsonContents (string[],string[],string[])
UnityEditor.Scripting.ScriptCompilation.EditorCompilationInterface:SetAllCustomScriptAssemblyJsonContents (string[],string[],string[])

Refreshing native plugins compatible for Editor in 1.44 ms, found 3 plugins.
Native extension for WindowsStandalone target not found
Mono: successfully reloaded assembly
- Finished resetting the current domain, in  0.796 seconds
Domain Reload Profiling: 1714ms
	BeginReloadAssembly (222ms)
		ExecutionOrderSort (0ms)
		DisableScriptedObjects (6ms)
		BackupInstance (0ms)
		ReleaseScriptingObjects (0ms)
		CreateAndSetChildDomain (54ms)
	RebuildCommonClasses (42ms)
	RebuildNativeTypeToScriptingClass (13ms)
	initialDomainReloadingComplete (36ms)
	LoadAllAssembliesAndSetupDomain (603ms)
		LoadAssemblies (489ms)
		RebuildTransferFunctionScriptingTraits (0ms)
		AnalyzeDomain (232ms)
			TypeCache.Refresh (14ms)
				TypeCache.ScanAssembly (1ms)
			BuildScriptInfoCaches (201ms)
			ResolveRequiredComponents (11ms)
	FinalizeReload (797ms)
		ReleaseScriptCaches (0ms)
		RebuildScriptCaches (0ms)
		SetupLoadedEditorAssemblies (573ms)
			LogAssemblyErrors (0ms)
			InitializePlatformSupportModulesInManaged (3ms)
			SetLoadedEditorAssemblies (8ms)
			BeforeProcessingInitializeOnLoad (123ms)
			ProcessInitializeOnLoadAttributes (368ms)
			ProcessInitializeOnLoadMethodAttributes (63ms)
			AfterProcessingInitializeOnLoad (7ms)
			EditorAssembliesLoaded (0ms)
		ExecutionOrderSort2 (0ms)
		AwakeInstancesAfterBackupRestoration (17ms)
Refreshing native plugins compatible for Editor in 1.24 ms, found 3 plugins.
Preloading 0 native plugins for Editor in 0.00 ms.
Unloading 13 Unused Serialized files (Serialized files now loaded: 0)
Unloading 5987 unused Assets / (4.3 MB). Loaded Objects now: 6771.
Memory consumption went from 154.3 MB to 150.0 MB.
Total: 10.940000 ms (FindLiveObjects: 0.867500 ms CreateObjectMapping: 0.490600 ms MarkObjects: 5.872100 ms  DeleteObjects: 3.707700 ms)

Prepare: number of updated asset objects reloaded= 0
========================================================================
Received Prepare
Begin MonoManager ReloadAssembly
- Loaded All Assemblies, in  0.871 seconds
Could not load signature of UnityEditor.WebGL.TargetExtension:CreateUserAssembliesValidatorExtension due to: Could not resolve type with token 0100002d from typeref (expected class 'UnityEditor.Modules.IUserAssembliesValidator' in assembly 'UnityEditor, Version=0.0.0.0, Culture=neutral, PublicKeyToken=null') assembly:UnityEditor, Version=0.0.0.0, Culture=neutral, PublicKeyToken=null type:UnityEditor.Modules.IUserAssembliesValidator member:(null)
Could not add platformSupportModule UnityEditor.WebGL.TargetExtension, try rebuilding the module: VTable setup of type UnityEditor.WebGL.TargetExtension failed
UnityEngine.Debug:ExtractStackTraceNoAlloc (byte*,int,string)
UnityEngine.StackTraceUtility:ExtractStackTrace ()
UnityEngine.DebugLogHandler:Internal_Log (UnityEngine.LogType,UnityEngine.LogOption,string,UnityEngine.Object)
UnityEngine.DebugLogHandler:LogFormat (UnityEngine.LogType,UnityEngine.Object,string,object[])
UnityEngine.Logger:Log (UnityEngine.LogType,object)
UnityEngine.Debug:LogError (object)
UnityEditor.Modules.ModuleManager:RegisterPlatformSupportModules ()
UnityEditor.Modules.ModuleManager:get_platformSupportModules ()
UnityEditor.Modules.ModuleManager:FindPlatformSupportModule (string)
UnityEditor.Scripting.ScriptCompilation.CustomScriptAssembly:.cctor ()
UnityEditor.Scripting.ScriptCompilation.LoadingAssemblyDefinition:LoadCustomScriptAssemblyFromJson (string,string,string)
UnityEditor.Scripting.ScriptCompilation.LoadingAssemblyDefinition:SetAllCustomScriptAssemblyJsonContents (string[],string[],string[])
UnityEditor.Scripting.ScriptCompilation.EditorCompilation:SetAllCustomScriptAssemblyJsonContents (string[],string[],string[])
UnityEditor.Scripting.ScriptCompilation.EditorCompilationInterface:SetAllCustomScriptAssemblyJsonContents (string[],string[],string[])

Refreshing native plugins compatible for Editor in 1.30 ms, found 3 plugins.
Native extension for WindowsStandalone target not found
Mono: successfully reloaded assembly
- Finished resetting the current domain, in  0.741 seconds
Domain Reload Profiling: 1610ms
	BeginReloadAssembly (227ms)
		ExecutionOrderSort (0ms)
		DisableScriptedObjects (6ms)
		BackupInstance (0ms)
		ReleaseScriptingObjects (0ms)
		CreateAndSetChildDomain (58ms)
	RebuildCommonClasses (39ms)
	RebuildNativeTypeToScriptingClass (14ms)
	initialDomainReloadingComplete (35ms)
	LoadAllAssembliesAndSetupDomain (553ms)
		LoadAssemblies (459ms)
		RebuildTransferFunctionScriptingTraits (0ms)
		AnalyzeDomain (209ms)
			TypeCache.Refresh (7ms)
				TypeCache.ScanAssembly (0ms)
			BuildScriptInfoCaches (186ms)
			ResolveRequiredComponents (11ms)
	FinalizeReload (742ms)
		ReleaseScriptCaches (0ms)
		RebuildScriptCaches (0ms)
		SetupLoadedEditorAssemblies (532ms)
			LogAssemblyErrors (0ms)
			InitializePlatformSupportModulesInManaged (3ms)
			SetLoadedEditorAssemblies (6ms)
			BeforeProcessingInitializeOnLoad (114ms)
			ProcessInitializeOnLoadAttributes (348ms)
			ProcessInitializeOnLoadMethodAttributes (54ms)
			AfterProcessingInitializeOnLoad (7ms)
			EditorAssembliesLoaded (0ms)
		ExecutionOrderSort2 (0ms)
		AwakeInstancesAfterBackupRestoration (17ms)
Refreshing native plugins compatible for Editor in 1.68 ms, found 3 plugins.
Preloading 0 native plugins for Editor in 0.00 ms.
Unloading 13 Unused Serialized files (Serialized files now loaded: 0)
Unloading 5987 unused Assets / (4.2 MB). Loaded Objects now: 6773.
Memory consumption went from 154.3 MB to 150.1 MB.
Total: 10.192400 ms (FindLiveObjects: 0.949800 ms CreateObjectMapping: 0.934000 ms MarkObjects: 5.405400 ms  DeleteObjects: 2.900800 ms)

Prepare: number of updated asset objects reloaded= 0
========================================================================
Received Prepare
Begin MonoManager ReloadAssembly
- Loaded All Assemblies, in  0.855 seconds
Could not load signature of UnityEditor.WebGL.TargetExtension:CreateUserAssembliesValidatorExtension due to: Could not resolve type with token 0100002d from typeref (expected class 'UnityEditor.Modules.IUserAssembliesValidator' in assembly 'UnityEditor, Version=0.0.0.0, Culture=neutral, PublicKeyToken=null') assembly:UnityEditor, Version=0.0.0.0, Culture=neutral, PublicKeyToken=null type:UnityEditor.Modules.IUserAssembliesValidator member:(null)
Could not add platformSupportModule UnityEditor.WebGL.TargetExtension, try rebuilding the module: VTable setup of type UnityEditor.WebGL.TargetExtension failed
UnityEngine.Debug:ExtractStackTraceNoAlloc (byte*,int,string)
UnityEngine.StackTraceUtility:ExtractStackTrace ()
UnityEngine.DebugLogHandler:Internal_Log (UnityEngine.LogType,UnityEngine.LogOption,string,UnityEngine.Object)
UnityEngine.DebugLogHandler:LogFormat (UnityEngine.LogType,UnityEngine.Object,string,object[])
UnityEngine.Logger:Log (UnityEngine.LogType,object)
UnityEngine.Debug:LogError (object)
UnityEditor.Modules.ModuleManager:RegisterPlatformSupportModules ()
UnityEditor.Modules.ModuleManager:get_platformSupportModules ()
UnityEditor.Modules.ModuleManager:FindPlatformSupportModule (string)
UnityEditor.Scripting.ScriptCompilation.CustomScriptAssembly:.cctor ()
UnityEditor.Scripting.ScriptCompilation.LoadingAssemblyDefinition:LoadCustomScriptAssemblyFromJson (string,string,string)
UnityEditor.Scripting.ScriptCompilation.LoadingAssemblyDefinition:SetAllCustomScriptAssemblyJsonContents (string[],string[],string[])
UnityEditor.Scripting.ScriptCompilation.EditorCompilation:SetAllCustomScriptAssemblyJsonContents (string[],string[],string[])
UnityEditor.Scripting.ScriptCompilation.EditorCompilationInterface:SetAllCustomScriptAssemblyJsonContents (string[],string[],string[])

Refreshing native plugins compatible for Editor in 1.34 ms, found 3 plugins.
Native extension for WindowsStandalone target not found
Mono: successfully reloaded assembly
- Finished resetting the current domain, in  0.746 seconds
Domain Reload Profiling: 1599ms
	BeginReloadAssembly (219ms)
		ExecutionOrderSort (0ms)
		DisableScriptedObjects (7ms)
		BackupInstance (0ms)
		ReleaseScriptingObjects (0ms)
		CreateAndSetChildDomain (52ms)
	RebuildCommonClasses (41ms)
	RebuildNativeTypeToScriptingClass (14ms)
	initialDomainReloadingComplete (36ms)
	LoadAllAssembliesAndSetupDomain (543ms)
		LoadAssemblies (461ms)
		RebuildTransferFunctionScriptingTraits (0ms)
		AnalyzeDomain (196ms)
			TypeCache.Refresh (8ms)
				TypeCache.ScanAssembly (0ms)
			BuildScriptInfoCaches (172ms)
			ResolveRequiredComponents (12ms)
	FinalizeReload (747ms)
		ReleaseScriptCaches (0ms)
		RebuildScriptCaches (0ms)
		SetupLoadedEditorAssemblies (545ms)
			LogAssemblyErrors (0ms)
			InitializePlatformSupportModulesInManaged (2ms)
			SetLoadedEditorAssemblies (6ms)
			BeforeProcessingInitializeOnLoad (119ms)
			ProcessInitializeOnLoadAttributes (355ms)
			ProcessInitializeOnLoadMethodAttributes (55ms)
			AfterProcessingInitializeOnLoad (6ms)
			EditorAssembliesLoaded (0ms)
		ExecutionOrderSort2 (0ms)
		AwakeInstancesAfterBackupRestoration (17ms)
Refreshing native plugins compatible for Editor in 1.16 ms, found 3 plugins.
Preloading 0 native plugins for Editor in 0.00 ms.
Unloading 13 Unused Serialized files (Serialized files now loaded: 0)
Unloading 5987 unused Assets / (4.2 MB). Loaded Objects now: 6775.
Memory consumption went from 154.3 MB to 150.1 MB.
Total: 9.616100 ms (FindLiveObjects: 0.906000 ms CreateObjectMapping: 0.530200 ms MarkObjects: 5.454500 ms  DeleteObjects: 2.723100 ms)

Prepare: number of updated asset objects reloaded= 0
========================================================================
Received Prepare
Begin MonoManager ReloadAssembly
- Loaded All Assemblies, in  0.887 seconds
Could not load signature of UnityEditor.WebGL.TargetExtension:CreateUserAssembliesValidatorExtension due to: Could not resolve type with token 0100002d from typeref (expected class 'UnityEditor.Modules.IUserAssembliesValidator' in assembly 'UnityEditor, Version=0.0.0.0, Culture=neutral, PublicKeyToken=null') assembly:UnityEditor, Version=0.0.0.0, Culture=neutral, PublicKeyToken=null type:UnityEditor.Modules.IUserAssembliesValidator member:(null)
Could not add platformSupportModule UnityEditor.WebGL.TargetExtension, try rebuilding the module: VTable setup of type UnityEditor.WebGL.TargetExtension failed
UnityEngine.Debug:ExtractStackTraceNoAlloc (byte*,int,string)
UnityEngine.StackTraceUtility:ExtractStackTrace ()
UnityEngine.DebugLogHandler:Internal_Log (UnityEngine.LogType,UnityEngine.LogOption,string,UnityEngine.Object)
UnityEngine.DebugLogHandler:LogFormat (UnityEngine.LogType,UnityEngine.Object,string,object[])
UnityEngine.Logger:Log (UnityEngine.LogType,object)
UnityEngine.Debug:LogError (object)
UnityEditor.Modules.ModuleManager:RegisterPlatformSupportModules ()
UnityEditor.Modules.ModuleManager:get_platformSupportModules ()
UnityEditor.Modules.ModuleManager:FindPlatformSupportModule (string)
UnityEditor.Scripting.ScriptCompilation.CustomScriptAssembly:.cctor ()
UnityEditor.Scripting.ScriptCompilation.LoadingAssemblyDefinition:LoadCustomScriptAssemblyFromJson (string,string,string)
UnityEditor.Scripting.ScriptCompilation.LoadingAssemblyDefinition:SetAllCustomScriptAssemblyJsonContents (string[],string[],string[])
UnityEditor.Scripting.ScriptCompilation.EditorCompilation:SetAllCustomScriptAssemblyJsonContents (string[],string[],string[])
UnityEditor.Scripting.ScriptCompilation.EditorCompilationInterface:SetAllCustomScriptAssemblyJsonContents (string[],string[],string[])

Refreshing native plugins compatible for Editor in 1.16 ms, found 3 plugins.
Native extension for WindowsStandalone target not found
Mono: successfully reloaded assembly
- Finished resetting the current domain, in  0.801 seconds
Domain Reload Profiling: 1687ms
	BeginReloadAssembly (229ms)
		ExecutionOrderSort (0ms)
		DisableScriptedObjects (6ms)
		BackupInstance (0ms)
		ReleaseScriptingObjects (0ms)
		CreateAndSetChildDomain (57ms)
	RebuildCommonClasses (38ms)
	RebuildNativeTypeToScriptingClass (14ms)
	initialDomainReloadingComplete (33ms)
	LoadAllAssembliesAndSetupDomain (571ms)
		LoadAssemblies (484ms)
		RebuildTransferFunctionScriptingTraits (0ms)
		AnalyzeDomain (208ms)
			TypeCache.Refresh (11ms)
				TypeCache.ScanAssembly (0ms)
			BuildScriptInfoCaches (181ms)
			ResolveRequiredComponents (12ms)
	FinalizeReload (802ms)
		ReleaseScriptCaches (0ms)
		RebuildScriptCaches (0ms)
		SetupLoadedEditorAssemblies (594ms)
			LogAssemblyErrors (0ms)
			InitializePlatformSupportModulesInManaged (3ms)
			SetLoadedEditorAssemblies (6ms)
			BeforeProcessingInitializeOnLoad (122ms)
			ProcessInitializeOnLoadAttributes (388ms)
			ProcessInitializeOnLoadMethodAttributes (68ms)
			AfterProcessingInitializeOnLoad (6ms)
			EditorAssembliesLoaded (0ms)
		ExecutionOrderSort2 (0ms)
		AwakeInstancesAfterBackupRestoration (18ms)
Refreshing native plugins compatible for Editor in 3.35 ms, found 3 plugins.
Preloading 0 native plugins for Editor in 0.00 ms.
Unloading 13 Unused Serialized files (Serialized files now loaded: 0)
Unloading 5987 unused Assets / (3.8 MB). Loaded Objects now: 6777.
Memory consumption went from 154.3 MB to 150.5 MB.
Total: 24.876100 ms (FindLiveObjects: 1.082900 ms CreateObjectMapping: 2.081700 ms MarkObjects: 13.743600 ms  DeleteObjects: 7.964600 ms)

Prepare: number of updated asset objects reloaded= 0
========================================================================
Received Prepare
Begin MonoManager ReloadAssembly
- Loaded All Assemblies, in  0.849 seconds
Could not load signature of UnityEditor.WebGL.TargetExtension:CreateUserAssembliesValidatorExtension due to: Could not resolve type with token 0100002d from typeref (expected class 'UnityEditor.Modules.IUserAssembliesValidator' in assembly 'UnityEditor, Version=0.0.0.0, Culture=neutral, PublicKeyToken=null') assembly:UnityEditor, Version=0.0.0.0, Culture=neutral, PublicKeyToken=null type:UnityEditor.Modules.IUserAssembliesValidator member:(null)
Could not add platformSupportModule UnityEditor.WebGL.TargetExtension, try rebuilding the module: VTable setup of type UnityEditor.WebGL.TargetExtension failed
UnityEngine.Debug:ExtractStackTraceNoAlloc (byte*,int,string)
UnityEngine.StackTraceUtility:ExtractStackTrace ()
UnityEngine.DebugLogHandler:Internal_Log (UnityEngine.LogType,UnityEngine.LogOption,string,UnityEngine.Object)
UnityEngine.DebugLogHandler:LogFormat (UnityEngine.LogType,UnityEngine.Object,string,object[])
UnityEngine.Logger:Log (UnityEngine.LogType,object)
UnityEngine.Debug:LogError (object)
UnityEditor.Modules.ModuleManager:RegisterPlatformSupportModules ()
UnityEditor.Modules.ModuleManager:get_platformSupportModules ()
UnityEditor.Modules.ModuleManager:FindPlatformSupportModule (string)
UnityEditor.Scripting.ScriptCompilation.CustomScriptAssembly:.cctor ()
UnityEditor.Scripting.ScriptCompilation.LoadingAssemblyDefinition:LoadCustomScriptAssemblyFromJson (string,string,string)
UnityEditor.Scripting.ScriptCompilation.LoadingAssemblyDefinition:SetAllCustomScriptAssemblyJsonContents (string[],string[],string[])
UnityEditor.Scripting.ScriptCompilation.EditorCompilation:SetAllCustomScriptAssemblyJsonContents (string[],string[],string[])
UnityEditor.Scripting.ScriptCompilation.EditorCompilationInterface:SetAllCustomScriptAssemblyJsonContents (string[],string[],string[])

Refreshing native plugins compatible for Editor in 1.23 ms, found 3 plugins.
Native extension for WindowsStandalone target not found
Mono: successfully reloaded assembly
- Finished resetting the current domain, in  0.760 seconds
Domain Reload Profiling: 1607ms
	BeginReloadAssembly (221ms)
		ExecutionOrderSort (0ms)
		DisableScriptedObjects (6ms)
		BackupInstance (0ms)
		ReleaseScriptingObjects (0ms)
		CreateAndSetChildDomain (55ms)
	RebuildCommonClasses (40ms)
	RebuildNativeTypeToScriptingClass (13ms)
	initialDomainReloadingComplete (33ms)
	LoadAllAssembliesAndSetupDomain (539ms)
		LoadAssemblies (442ms)
		RebuildTransferFunctionScriptingTraits (0ms)
		AnalyzeDomain (210ms)
			TypeCache.Refresh (9ms)
				TypeCache.ScanAssembly (0ms)
			BuildScriptInfoCaches (183ms)
			ResolveRequiredComponents (12ms)
	FinalizeReload (760ms)
		ReleaseScriptCaches (0ms)
		RebuildScriptCaches (0ms)
		SetupLoadedEditorAssemblies (555ms)
			LogAssemblyErrors (0ms)
			InitializePlatformSupportModulesInManaged (2ms)
			SetLoadedEditorAssemblies (6ms)
			BeforeProcessingInitializeOnLoad (118ms)
			ProcessInitializeOnLoadAttributes (360ms)
			ProcessInitializeOnLoadMethodAttributes (62ms)
			AfterProcessingInitializeOnLoad (7ms)
			EditorAssembliesLoaded (1ms)
		ExecutionOrderSort2 (0ms)
		AwakeInstancesAfterBackupRestoration (16ms)
Refreshing native plugins compatible for Editor in 1.27 ms, found 3 plugins.
Preloading 0 native plugins for Editor in 0.00 ms.
Unloading 13 Unused Serialized files (Serialized files now loaded: 0)
Unloading 5987 unused Assets / (4.6 MB). Loaded Objects now: 6779.
Memory consumption went from 154.3 MB to 149.7 MB.
Total: 12.393200 ms (FindLiveObjects: 0.916300 ms CreateObjectMapping: 0.876800 ms MarkObjects: 5.655800 ms  DeleteObjects: 4.942300 ms)

Prepare: number of updated asset objects reloaded= 0
========================================================================
Received Import Request.
  Time since last request: 593.893300 seconds.
  path: Assets/Fonts/LEMONMILK-Bold Atlas Material 1.mat
  artifactKey: Guid(5a70953b60be49343a5be6b8c34e5172) Importer(815301076,1909f56bfc062723c751e8b465ee728b)
Start importing Assets/Fonts/LEMONMILK-Bold Atlas Material 1.mat using Guid(5a70953b60be49343a5be6b8c34e5172) Importer(815301076,1909f56bfc062723c751e8b465ee728b) (PreviewImporter) -> (artifact id: '6a6e4de5a0b5f733eed85ce011369231') in 0.6503441 seconds
Number of updated asset objects reloaded before import = 0Number of asset objects unloaded after import = 2

========================================================================
Received Prepare
Begin MonoManager ReloadAssembly
- Loaded All Assemblies, in  1.027 seconds
Could not load signature of UnityEditor.WebGL.TargetExtension:CreateUserAssembliesValidatorExtension due to: Could not resolve type with token 0100002d from typeref (expected class 'UnityEditor.Modules.IUserAssembliesValidator' in assembly 'UnityEditor, Version=0.0.0.0, Culture=neutral, PublicKeyToken=null') assembly:UnityEditor, Version=0.0.0.0, Culture=neutral, PublicKeyToken=null type:UnityEditor.Modules.IUserAssembliesValidator member:(null)
Could not add platformSupportModule UnityEditor.WebGL.TargetExtension, try rebuilding the module: VTable setup of type UnityEditor.WebGL.TargetExtension failed
UnityEngine.Debug:ExtractStackTraceNoAlloc (byte*,int,string)
UnityEngine.StackTraceUtility:ExtractStackTrace ()
UnityEngine.DebugLogHandler:Internal_Log (UnityEngine.LogType,UnityEngine.LogOption,string,UnityEngine.Object)
UnityEngine.DebugLogHandler:LogFormat (UnityEngine.LogType,UnityEngine.Object,string,object[])
UnityEngine.Logger:Log (UnityEngine.LogType,object)
UnityEngine.Debug:LogError (object)
UnityEditor.Modules.ModuleManager:RegisterPlatformSupportModules ()
UnityEditor.Modules.ModuleManager:get_platformSupportModules ()
UnityEditor.Modules.ModuleManager:FindPlatformSupportModule (string)
UnityEditor.Scripting.ScriptCompilation.CustomScriptAssembly:.cctor ()
UnityEditor.Scripting.ScriptCompilation.LoadingAssemblyDefinition:LoadCustomScriptAssemblyFromJson (string,string,string)
UnityEditor.Scripting.ScriptCompilation.LoadingAssemblyDefinition:SetAllCustomScriptAssemblyJsonContents (string[],string[],string[])
UnityEditor.Scripting.ScriptCompilation.EditorCompilation:SetAllCustomScriptAssemblyJsonContents (string[],string[],string[])
UnityEditor.Scripting.ScriptCompilation.EditorCompilationInterface:SetAllCustomScriptAssemblyJsonContents (string[],string[],string[])

Refreshing native plugins compatible for Editor in 1.40 ms, found 3 plugins.
Native extension for WindowsStandalone target not found
Mono: successfully reloaded assembly
- Finished resetting the current domain, in  0.879 seconds
Domain Reload Profiling: 1905ms
	BeginReloadAssembly (281ms)
		ExecutionOrderSort (0ms)
		DisableScriptedObjects (29ms)
		BackupInstance (0ms)
		ReleaseScriptingObjects (0ms)
		CreateAndSetChildDomain (75ms)
	RebuildCommonClasses (50ms)
	RebuildNativeTypeToScriptingClass (15ms)
	initialDomainReloadingComplete (41ms)
	LoadAllAssembliesAndSetupDomain (638ms)
		LoadAssemblies (539ms)
		RebuildTransferFunctionScriptingTraits (0ms)
		AnalyzeDomain (227ms)
			TypeCache.Refresh (15ms)
				TypeCache.ScanAssembly (1ms)
			BuildScriptInfoCaches (195ms)
			ResolveRequiredComponents (12ms)
	FinalizeReload (880ms)
		ReleaseScriptCaches (0ms)
		RebuildScriptCaches (0ms)
		SetupLoadedEditorAssemblies (664ms)
			LogAssemblyErrors (0ms)
			InitializePlatformSupportModulesInManaged (3ms)
			SetLoadedEditorAssemblies (6ms)
			BeforeProcessingInitializeOnLoad (141ms)
			ProcessInitializeOnLoadAttributes (437ms)
			ProcessInitializeOnLoadMethodAttributes (70ms)
			AfterProcessingInitializeOnLoad (6ms)
			EditorAssembliesLoaded (0ms)
		ExecutionOrderSort2 (0ms)
		AwakeInstancesAfterBackupRestoration (16ms)
Refreshing native plugins compatible for Editor in 1.61 ms, found 3 plugins.
Preloading 0 native plugins for Editor in 0.00 ms.
Unloading 13 Unused Serialized files (Serialized files now loaded: 0)
Unloading 5987 unused Assets / (4.4 MB). Loaded Objects now: 6834.
Memory consumption went from 158.8 MB to 154.4 MB.
Total: 10.686700 ms (FindLiveObjects: 0.954600 ms CreateObjectMapping: 1.135200 ms MarkObjects: 5.187500 ms  DeleteObjects: 3.407300 ms)

Prepare: number of updated asset objects reloaded= 0
========================================================================
Received Prepare
Begin MonoManager ReloadAssembly
- Loaded All Assemblies, in  0.844 seconds
Could not load signature of UnityEditor.WebGL.TargetExtension:CreateUserAssembliesValidatorExtension due to: Could not resolve type with token 0100002d from typeref (expected class 'UnityEditor.Modules.IUserAssembliesValidator' in assembly 'UnityEditor, Version=0.0.0.0, Culture=neutral, PublicKeyToken=null') assembly:UnityEditor, Version=0.0.0.0, Culture=neutral, PublicKeyToken=null type:UnityEditor.Modules.IUserAssembliesValidator member:(null)
Could not add platformSupportModule UnityEditor.WebGL.TargetExtension, try rebuilding the module: VTable setup of type UnityEditor.WebGL.TargetExtension failed
UnityEngine.Debug:ExtractStackTraceNoAlloc (byte*,int,string)
UnityEngine.StackTraceUtility:ExtractStackTrace ()
UnityEngine.DebugLogHandler:Internal_Log (UnityEngine.LogType,UnityEngine.LogOption,string,UnityEngine.Object)
UnityEngine.DebugLogHandler:LogFormat (UnityEngine.LogType,UnityEngine.Object,string,object[])
UnityEngine.Logger:Log (UnityEngine.LogType,object)
UnityEngine.Debug:LogError (object)
UnityEditor.Modules.ModuleManager:RegisterPlatformSupportModules ()
UnityEditor.Modules.ModuleManager:get_platformSupportModules ()
UnityEditor.Modules.ModuleManager:FindPlatformSupportModule (string)
UnityEditor.Scripting.ScriptCompilation.CustomScriptAssembly:.cctor ()
UnityEditor.Scripting.ScriptCompilation.LoadingAssemblyDefinition:LoadCustomScriptAssemblyFromJson (string,string,string)
UnityEditor.Scripting.ScriptCompilation.LoadingAssemblyDefinition:SetAllCustomScriptAssemblyJsonContents (string[],string[],string[])
UnityEditor.Scripting.ScriptCompilation.EditorCompilation:SetAllCustomScriptAssemblyJsonContents (string[],string[],string[])
UnityEditor.Scripting.ScriptCompilation.EditorCompilationInterface:SetAllCustomScriptAssemblyJsonContents (string[],string[],string[])

Refreshing native plugins compatible for Editor in 1.50 ms, found 3 plugins.
Native extension for WindowsStandalone target not found
Mono: successfully reloaded assembly
- Finished resetting the current domain, in  0.763 seconds
Domain Reload Profiling: 1604ms
	BeginReloadAssembly (223ms)
		ExecutionOrderSort (0ms)
		DisableScriptedObjects (10ms)
		BackupInstance (0ms)
		ReleaseScriptingObjects (0ms)
		CreateAndSetChildDomain (53ms)
	RebuildCommonClasses (41ms)
	RebuildNativeTypeToScriptingClass (13ms)
	initialDomainReloadingComplete (34ms)
	LoadAllAssembliesAndSetupDomain (530ms)
		LoadAssemblies (448ms)
		RebuildTransferFunctionScriptingTraits (0ms)
		AnalyzeDomain (198ms)
			TypeCache.Refresh (8ms)
				TypeCache.ScanAssembly (0ms)
			BuildScriptInfoCaches (173ms)
			ResolveRequiredComponents (12ms)
	FinalizeReload (763ms)
		ReleaseScriptCaches (0ms)
		RebuildScriptCaches (0ms)
		SetupLoadedEditorAssemblies (540ms)
			LogAssemblyErrors (0ms)
			InitializePlatformSupportModulesInManaged (3ms)
			SetLoadedEditorAssemblies (6ms)
			BeforeProcessingInitializeOnLoad (117ms)
			ProcessInitializeOnLoadAttributes (347ms)
			ProcessInitializeOnLoadMethodAttributes (60ms)
			AfterProcessingInitializeOnLoad (6ms)
			EditorAssembliesLoaded (0ms)
		ExecutionOrderSort2 (0ms)
		AwakeInstancesAfterBackupRestoration (18ms)
Refreshing native plugins compatible for Editor in 1.50 ms, found 3 plugins.
Preloading 0 native plugins for Editor in 0.00 ms.
Unloading 13 Unused Serialized files (Serialized files now loaded: 0)
Unloading 5987 unused Assets / (4.3 MB). Loaded Objects now: 6836.
Memory consumption went from 158.7 MB to 154.3 MB.
Total: 11.991400 ms (FindLiveObjects: 0.960100 ms CreateObjectMapping: 1.139300 ms MarkObjects: 6.579400 ms  DeleteObjects: 3.309800 ms)

Prepare: number of updated asset objects reloaded= 0
